mode: set
github.com/frangar97/celeritas/render/render.go:34.103,35.37 1 1
github.com/frangar97/celeritas/render/render.go:36.12,37.36 1 1
github.com/frangar97/celeritas/render/render.go:38.13,39.48 1 1
github.com/frangar97/celeritas/render/render.go:42.2,42.52 1 1
github.com/frangar97/celeritas/render/render.go:45.94,47.16 2 1
github.com/frangar97/celeritas/render/render.go:47.16,49.3 1 1
github.com/frangar97/celeritas/render/render.go:51.2,52.17 2 1
github.com/frangar97/celeritas/render/render.go:52.17,54.3 1 0
github.com/frangar97/celeritas/render/render.go:56.2,57.16 2 1
github.com/frangar97/celeritas/render/render.go:57.16,59.3 1 0
github.com/frangar97/celeritas/render/render.go:61.2,61.12 1 1
github.com/frangar97/celeritas/render/render.go:64.106,67.22 2 1
github.com/frangar97/celeritas/render/render.go:67.22,69.3 1 1
github.com/frangar97/celeritas/render/render.go:69.8,71.3 1 0
github.com/frangar97/celeritas/render/render.go:73.2,74.17 2 1
github.com/frangar97/celeritas/render/render.go:74.17,76.3 1 0
github.com/frangar97/celeritas/render/render.go:78.2,79.16 2 1
github.com/frangar97/celeritas/render/render.go:79.16,81.3 1 1
github.com/frangar97/celeritas/render/render.go:83.2,83.46 1 1
github.com/frangar97/celeritas/render/render.go:83.46,85.3 1 0
github.com/frangar97/celeritas/render/render.go:87.2,87.12 1 1
